2016/01/22 18:33:00 [error] [php] array_keys() expects parameter 1 to be array, boolean given (/php/project/cyfyy/protected/controllers/admin/DashboardController.php:19)
Stack trace:
#0 /php/project/yii/web/CController.php(308): CInlineAction->runWithParams()
#1 /php/project/yii/web/filters/CFilterChain.php(133): DashboardController->runAction()
#2 /php/project/cyfyy/protected/components/Admin.php(74): CFilterChain->run()
#3 /php/project/yii/web/filters/CInlineFilter.php(58): DashboardController->filterCheckAdmin()
#4 /php/project/yii/web/filters/CFilterChain.php(130): CInlineFilter->filter()
#5 /php/project/yii/web/CController.php(291): CFilterChain->run()
#6 /php/project/yii/web/CController.php(265): DashboardController->runActionWithFilters()
#7 /php/project/yii/web/CWebApplication.php(282): DashboardController->run()
#8 /php/project/yii/web/CWebApplication.php(141): CWebApplication->runController()
#9 /php/project/yii/base/CApplication.php(180): CWebApplication->processRequest()
#10 /php/project/cyfyy/index.php(14): CWebApplication->run()
REQUEST_URI=/admin/dashboard/
in /php/project/cyfyy/protected/controllers/admin/DashboardController.php (19)
in /php/project/cyfyy/protected/components/Admin.php (74)
in /php/project/cyfyy/index.php (14)
2016/01/22 18:36:13 [error] [php] include(PatientModel.php): failed to open stream: No such file or directory (/php/project/yii/YiiBase.php:427)
Stack trace:
#0 /php/project/cyfyy/protected/controllers/admin/DashboardController.php(39): spl_autoload_call()
#1 /php/project/yii/web/actions/CInlineAction.php(49): DashboardController->actionIndex()
#2 /php/project/yii/web/CController.php(308): CInlineAction->runWithParams()
#3 /php/project/yii/web/filters/CFilterChain.php(133): DashboardController->runAction()
#4 /php/project/cyfyy/protected/components/Admin.php(74): CFilterChain->run()
#5 /php/project/yii/web/filters/CInlineFilter.php(58): DashboardController->filterCheckAdmin()
#6 /php/project/yii/web/filters/CFilterChain.php(130): CInlineFilter->filter()
#7 /php/project/yii/web/CController.php(291): CFilterChain->run()
#8 /php/project/yii/web/CController.php(265): DashboardController->runActionWithFilters()
#9 /php/project/yii/web/CWebApplication.php(282): DashboardController->run()
#10 /php/project/yii/web/CWebApplication.php(141): CWebApplication->runController()
#11 /php/project/yii/base/CApplication.php(180): CWebApplication->processRequest()
#12 /php/project/cyfyy/index.php(14): CWebApplication->run()
REQUEST_URI=/admin/dashboard/
in /php/project/cyfyy/protected/controllers/admin/DashboardController.php (39)
in /php/project/cyfyy/protected/components/Admin.php (74)
in /php/project/cyfyy/index.php (14)
2016/01/22 18:39:05 [error] [system.db.CDbCommand] CDbCommand::fetchAll() failed: SQLSTATE[42000]: Syntax error or access violation: 1064 You have an error in your SQL syntax; check the manual that corresponds to your MySQL server version for the right syntax to use near 'group IN ('0', '1', '2', '3', '4') ORDER BY code' at line 1. The SQL statement executed was: SELECT * FROM `menu` `t` WHERE group IN (:ycp0, :ycp1, :ycp2, :ycp3, :ycp4) ORDER BY code.
in /php/project/cyfyy/protected/models/BaseModel.php (43)
in /php/project/cyfyy/protected/models/MenuModel.php (36)
in /php/project/cyfyy/protected/components/Admin.php (66)
2016/01/22 18:39:05 [error] [exception.CDbException] exception 'CDbException' with message 'CDbCommand failed to execute the SQL statement: SQLSTATE[42000]: Syntax error or access violation: 1064 You have an error in your SQL syntax; check the manual that corresponds to your MySQL server version for the right syntax to use near 'group IN ('0', '1', '2', '3', '4') ORDER BY code' at line 1. The SQL statement executed was: SELECT * FROM `menu` `t` WHERE group IN (:ycp0, :ycp1, :ycp2, :ycp3, :ycp4) ORDER BY code' in /php/project/yii/db/CDbCommand.php:543
Stack trace:
#0 /php/project/yii/db/CDbCommand.php(396): CDbCommand->queryInternal('fetchAll', Array, Array)
#1 /php/project/yii/db/ar/CActiveRecord.php(1351): CDbCommand->queryAll()
#2 /php/project/yii/db/ar/CActiveRecord.php(1470): CActiveRecord->query(Object(CDbCriteria), true)
#3 /php/project/cyfyy/protected/models/BaseModel.php(43): CActiveRecord->findAll(Object(CDbCriteria))
#4 /php/project/cyfyy/protected/models/MenuModel.php(36): BaseModel->getRows(Object(CDbCriteria))
#5 /php/project/cyfyy/protected/components/Admin.php(66): MenuModel->getInfoByGroup(Array)
#6 /php/project/yii/web/filters/CInlineFilter.php(58): Admin->filterCheckAdmin(Object(CFilterChain))
#7 /php/project/yii/web/filters/CFilterChain.php(130): CInlineFilter->filter(Object(CFilterChain))
#8 /php/project/yii/web/CController.php(291): CFilterChain->run()
#9 /php/project/yii/web/CController.php(265): CController->runActionWithFilters(Object(CInlineAction), Array)
#10 /php/project/yii/web/CWebApplication.php(282): CController->run('')
#11 /php/project/yii/web/CWebApplication.php(141): CWebApplication->runController('admin/dashboard')
#12 /php/project/yii/base/CApplication.php(180): CWebApplication->processRequest()
#13 /php/project/cyfyy/index.php(14): CApplication->run()
#14 {main}
REQUEST_URI=/admin/dashboard/
HTTP_REFERER=http://localhost:10000/
---
2016/01/22 18:40:13 [error] [system.db.CDbCommand] CDbCommand::fetchAll() failed: SQLSTATE[42000]: Syntax error or access violation: 1064 You have an error in your SQL syntax; check the manual that corresponds to your MySQL server version for the right syntax to use near 'group IN ('0', '1', '2', '3', '4') ORDER BY code' at line 1. The SQL statement executed was: SELECT * FROM `menu` `t` WHERE group IN (:ycp0, :ycp1, :ycp2, :ycp3, :ycp4) ORDER BY code.
in /php/project/cyfyy/protected/models/BaseModel.php (43)
in /php/project/cyfyy/protected/models/MenuModel.php (36)
in /php/project/cyfyy/protected/components/Admin.php (66)
2016/01/22 18:40:13 [error] [exception.CDbException] exception 'CDbException' with message 'CDbCommand failed to execute the SQL statement: SQLSTATE[42000]: Syntax error or access violation: 1064 You have an error in your SQL syntax; check the manual that corresponds to your MySQL server version for the right syntax to use near 'group IN ('0', '1', '2', '3', '4') ORDER BY code' at line 1. The SQL statement executed was: SELECT * FROM `menu` `t` WHERE group IN (:ycp0, :ycp1, :ycp2, :ycp3, :ycp4) ORDER BY code' in /php/project/yii/db/CDbCommand.php:543
Stack trace:
#0 /php/project/yii/db/CDbCommand.php(396): CDbCommand->queryInternal('fetchAll', Array, Array)
#1 /php/project/yii/db/ar/CActiveRecord.php(1351): CDbCommand->queryAll()
#2 /php/project/yii/db/ar/CActiveRecord.php(1470): CActiveRecord->query(Object(CDbCriteria), true)
#3 /php/project/cyfyy/protected/models/BaseModel.php(43): CActiveRecord->findAll(Object(CDbCriteria))
#4 /php/project/cyfyy/protected/models/MenuModel.php(36): BaseModel->getRows(Object(CDbCriteria))
#5 /php/project/cyfyy/protected/components/Admin.php(66): MenuModel->getInfoByGroup(Array)
#6 /php/project/yii/web/filters/CInlineFilter.php(58): Admin->filterCheckAdmin(Object(CFilterChain))
#7 /php/project/yii/web/filters/CFilterChain.php(130): CInlineFilter->filter(Object(CFilterChain))
#8 /php/project/yii/web/CController.php(291): CFilterChain->run()
#9 /php/project/yii/web/CController.php(265): CController->runActionWithFilters(Object(CInlineAction), Array)
#10 /php/project/yii/web/CWebApplication.php(282): CController->run('')
#11 /php/project/yii/web/CWebApplication.php(141): CWebApplication->runController('admin/dashboard')
#12 /php/project/yii/base/CApplication.php(180): CWebApplication->processRequest()
#13 /php/project/cyfyy/index.php(14): CApplication->run()
#14 {main}
REQUEST_URI=/admin/dashboard/
HTTP_REFERER=http://localhost:10000/
---
2016/01/22 18:43:19 [error] [php] array_keys() expects parameter 1 to be array, boolean given (/php/project/cyfyy/protected/controllers/admin/PatientController.php:34)
Stack trace:
#0 /php/project/yii/web/actions/CInlineAction.php(49): PatientController->actionIndex()
#1 /php/project/yii/web/CController.php(308): CInlineAction->runWithParams()
#2 /php/project/yii/web/filters/CFilterChain.php(133): PatientController->runAction()
#3 /php/project/cyfyy/protected/components/Admin.php(74): CFilterChain->run()
#4 /php/project/yii/web/filters/CInlineFilter.php(58): PatientController->filterCheckAdmin()
#5 /php/project/yii/web/filters/CFilterChain.php(130): CInlineFilter->filter()
#6 /php/project/yii/web/CController.php(291): CFilterChain->run()
#7 /php/project/yii/web/CController.php(265): PatientController->runActionWithFilters()
#8 /php/project/yii/web/CWebApplication.php(282): PatientController->run()
#9 /php/project/yii/web/CWebApplication.php(141): CWebApplication->runController()
#10 /php/project/yii/base/CApplication.php(180): CWebApplication->processRequest()
#11 /php/project/cyfyy/index.php(14): CWebApplication->run()
REQUEST_URI=/admin/patient
in /php/project/cyfyy/protected/controllers/admin/PatientController.php (34)
in /php/project/cyfyy/protected/controllers/admin/PatientController.php (19)
in /php/project/cyfyy/protected/components/Admin.php (74)
2016/01/22 18:44:06 [error] [php] Invalid argument supplied for foreach() (/php/project/cyfyy/protected/views/admin/patient/edit.php:106)
Stack trace:
#0 /php/project/yii/web/CController.php(869): PatientController->renderFile()
#1 /php/project/yii/web/CController.php(782): PatientController->renderPartial()
#2 /php/project/cyfyy/protected/controllers/admin/PatientController.php(107): PatientController->render()
#3 /php/project/yii/web/actions/CInlineAction.php(49): PatientController->actionAdd()
#4 /php/project/yii/web/CController.php(308): CInlineAction->runWithParams()
#5 /php/project/yii/web/filters/CFilterChain.php(133): PatientController->runAction()
#6 /php/project/cyfyy/protected/components/Admin.php(74): CFilterChain->run()
#7 /php/project/yii/web/filters/CInlineFilter.php(58): PatientController->filterCheckAdmin()
#8 /php/project/yii/web/filters/CFilterChain.php(130): CInlineFilter->filter()
#9 /php/project/yii/web/CController.php(291): CFilterChain->run()
#10 /php/project/yii/web/CController.php(265): PatientController->runActionWithFilters()
#11 /php/project/yii/web/CWebApplication.php(282): PatientController->run()
#12 /php/project/yii/web/CWebApplication.php(141): CWebApplication->runController()
#13 /php/project/yii/base/CApplication.php(180): CWebApplication->processRequest()
#14 /php/project/cyfyy/index.php(14): CWebApplication->run()
REQUEST_URI=/admin/patient/add
in /php/project/cyfyy/protected/views/admin/patient/edit.php (106)
in /php/project/cyfyy/protected/controllers/admin/PatientController.php (107)
in /php/project/cyfyy/protected/components/Admin.php (74)
2016/01/22 11:44:41 [error] [exception.CHttpException.404] exception 'CHttpException' with message 'Unable to resolve the request "css/fonts/glyphicons-halflings-regular.woff2".' in /php/project/yii/web/CWebApplication.php:286
Stack trace:
#0 /php/project/yii/web/CWebApplication.php(141): CWebApplication->runController('css/fonts/glyph...')
#1 /php/project/yii/base/CApplication.php(180): CWebApplication->processRequest()
#2 /php/project/cyfyy/index.php(14): CApplication->run()
#3 {main}
REQUEST_URI=/css/fonts/glyphicons-halflings-regular.woff2
HTTP_REFERER=http://localhost:10000/css/bootstrap/bootstrap.min.css
---
2016/01/22 18:44:44 [error] [php] Invalid argument supplied for foreach() (/php/project/cyfyy/protected/views/admin/hospital/list.php:18)
Stack trace:
#0 /php/project/yii/web/CController.php(869): HospitalController->renderFile()
#1 /php/project/yii/web/CController.php(782): HospitalController->renderPartial()
#2 /php/project/cyfyy/protected/controllers/admin/HospitalController.php(28): HospitalController->render()
#3 /php/project/cyfyy/protected/controllers/admin/HospitalController.php(19): HospitalController->actionList()
#4 /php/project/yii/web/actions/CInlineAction.php(49): HospitalController->actionIndex()
#5 /php/project/yii/web/CController.php(308): CInlineAction->runWithParams()
#6 /php/project/yii/web/filters/CFilterChain.php(133): HospitalController->runAction()
#7 /php/project/cyfyy/protected/components/Admin.php(74): CFilterChain->run()
#8 /php/project/yii/web/filters/CInlineFilter.php(58): HospitalController->filterCheckAdmin()
#9 /php/project/yii/web/filters/CFilterChain.php(130): CInlineFilter->filter()
#10 /php/project/yii/web/CController.php(291): CFilterChain->run()
#11 /php/project/yii/web/CController.php(265): HospitalController->runActionWithFilters()
#12 /php/project/yii/web/CWebApplication.php(282): HospitalController->run()
#13 /php/project/yii/web/CWebApplication.php(141): CWebApplication->runController()
#14 /php/project/yii/base/CApplication.php(180): CWebApplication->processRequest()
#15 /php/project/cyfyy/index.php(14): CWebApplication->run()
REQUEST_URI=/admin/hospital
in /php/project/cyfyy/protected/views/admin/hospital/list.php (18)
in /php/project/cyfyy/protected/controllers/admin/HospitalController.php (28)
in /php/project/cyfyy/protected/controllers/admin/HospitalController.php (19)
2016/01/22 11:46:21 [error] [exception.CHttpException.404] exception 'CHttpException' with message 'Unable to resolve the request "css/fonts/glyphicons-halflings-regular.woff2".' in /php/project/yii/web/CWebApplication.php:286
Stack trace:
#0 /php/project/yii/web/CWebApplication.php(141): CWebApplication->runController('css/fonts/glyph...')
#1 /php/project/yii/base/CApplication.php(180): CWebApplication->processRequest()
#2 /php/project/cyfyy/index.php(14): CApplication->run()
#3 {main}
REQUEST_URI=/css/fonts/glyphicons-halflings-regular.woff2
HTTP_REFERER=http://localhost:10000/css/bootstrap/bootstrap.min.css
---
2016/01/22 11:46:40 [error] [exception.CHttpException.404] exception 'CHttpException' with message 'Unable to resolve the request "css/fonts/glyphicons-halflings-regular.woff2".' in /php/project/yii/web/CWebApplication.php:286
Stack trace:
#0 /php/project/yii/web/CWebApplication.php(141): CWebApplication->runController('css/fonts/glyph...')
#1 /php/project/yii/base/CApplication.php(180): CWebApplication->processRequest()
#2 /php/project/cyfyy/index.php(14): CApplication->run()
#3 {main}
REQUEST_URI=/css/fonts/glyphicons-halflings-regular.woff2
HTTP_REFERER=http://localhost:10000/css/bootstrap/bootstrap.min.css
---
2016/01/22 11:47:15 [error] [exception.CHttpException.404] exception 'CHttpException' with message 'Unable to resolve the request "css/fonts/glyphicons-halflings-regular.woff2".' in /php/project/yii/web/CWebApplication.php:286
Stack trace:
#0 /php/project/yii/web/CWebApplication.php(141): CWebApplication->runController('css/fonts/glyph...')
#1 /php/project/yii/base/CApplication.php(180): CWebApplication->processRequest()
#2 /php/project/cyfyy/index.php(14): CApplication->run()
#3 {main}
REQUEST_URI=/css/fonts/glyphicons-halflings-regular.woff2
HTTP_REFERER=http://localhost:10000/css/bootstrap/bootstrap.min.css
---
2016/01/22 11:47:17 [error] [exception.CHttpException.404] exception 'CHttpException' with message 'Unable to resolve the request "css/fonts/glyphicons-halflings-regular.woff2".' in /php/project/yii/web/CWebApplication.php:286
Stack trace:
#0 /php/project/yii/web/CWebApplication.php(141): CWebApplication->runController('css/fonts/glyph...')
#1 /php/project/yii/base/CApplication.php(180): CWebApplication->processRequest()
#2 /php/project/cyfyy/index.php(14): CApplication->run()
#3 {main}
REQUEST_URI=/css/fonts/glyphicons-halflings-regular.woff2
HTTP_REFERER=http://localhost:10000/css/bootstrap/bootstrap.min.css
---
2016/01/22 18:47:18 [error] [php] Invalid argument supplied for foreach() (/php/project/cyfyy/protected/views/admin/user/edit.php:31)
Stack trace:
#0 /php/project/yii/web/CController.php(869): UserController->renderFile()
#1 /php/project/yii/web/CController.php(782): UserController->renderPartial()
#2 /php/project/cyfyy/protected/controllers/admin/UserController.php(45): UserController->render()
#3 /php/project/yii/web/actions/CInlineAction.php(49): UserController->actionAdd()
#4 /php/project/yii/web/CController.php(308): CInlineAction->runWithParams()
#5 /php/project/yii/web/filters/CFilterChain.php(133): UserController->runAction()
#6 /php/project/cyfyy/protected/components/Admin.php(74): CFilterChain->run()
#7 /php/project/yii/web/filters/CInlineFilter.php(58): UserController->filterCheckAdmin()
#8 /php/project/yii/web/filters/CFilterChain.php(130): CInlineFilter->filter()
#9 /php/project/yii/web/CController.php(291): CFilterChain->run()
#10 /php/project/yii/web/CController.php(265): UserController->runActionWithFilters()
#11 /php/project/yii/web/CWebApplication.php(282): UserController->run()
#12 /php/project/yii/web/CWebApplication.php(141): CWebApplication->runController()
#13 /php/project/yii/base/CApplication.php(180): CWebApplication->processRequest()
#14 /php/project/cyfyy/index.php(14): CWebApplication->run()
REQUEST_URI=/admin/user/add
in /php/project/cyfyy/protected/views/admin/user/edit.php (31)
in /php/project/cyfyy/protected/controllers/admin/UserController.php (45)
in /php/project/cyfyy/protected/components/Admin.php (74)
2016/01/22 11:47:52 [error] [exception.CHttpException.404] exception 'CHttpException' with message 'Unable to resolve the request "css/fonts/glyphicons-halflings-regular.woff2".' in /php/project/yii/web/CWebApplication.php:286
Stack trace:
#0 /php/project/yii/web/CWebApplication.php(141): CWebApplication->runController('css/fonts/glyph...')
#1 /php/project/yii/base/CApplication.php(180): CWebApplication->processRequest()
#2 /php/project/cyfyy/index.php(14): CApplication->run()
#3 {main}
REQUEST_URI=/css/fonts/glyphicons-halflings-regular.woff2
HTTP_REFERER=http://localhost:10000/css/bootstrap/bootstrap.min.css
---
2016/01/22 13:34:41 [error] [exception.CHttpException.404] exception 'CHttpException' with message 'Unable to resolve the request "css/fonts/glyphicons-halflings-regular.woff2".' in /php/project/yii/web/CWebApplication.php:286
Stack trace:
#0 /php/project/yii/web/CWebApplication.php(141): CWebApplication->runController('css/fonts/glyph...')
#1 /php/project/yii/base/CApplication.php(180): CWebApplication->processRequest()
#2 /php/project/cyfyy/index.php(14): CApplication->run()
#3 {main}
REQUEST_URI=/css/fonts/glyphicons-halflings-regular.woff2
HTTP_REFERER=http://localhost:10000/css/bootstrap/bootstrap.min.css
---
2016/01/22 13:34:43 [error] [exception.CHttpException.404] exception 'CHttpException' with message 'Unable to resolve the request "css/fonts/glyphicons-halflings-regular.woff2".' in /php/project/yii/web/CWebApplication.php:286
Stack trace:
#0 /php/project/yii/web/CWebApplication.php(141): CWebApplication->runController('css/fonts/glyph...')
#1 /php/project/yii/base/CApplication.php(180): CWebApplication->processRequest()
#2 /php/project/cyfyy/index.php(14): CApplication->run()
#3 {main}
REQUEST_URI=/css/fonts/glyphicons-halflings-regular.woff2
HTTP_REFERER=http://localhost:10000/css/bootstrap/bootstrap.min.css
---
2016/01/22 13:34:44 [error] [exception.CHttpException.404] exception 'CHttpException' with message 'Unable to resolve the request "css/fonts/glyphicons-halflings-regular.woff2".' in /php/project/yii/web/CWebApplication.php:286
Stack trace:
#0 /php/project/yii/web/CWebApplication.php(141): CWebApplication->runController('css/fonts/glyph...')
#1 /php/project/yii/base/CApplication.php(180): CWebApplication->processRequest()
#2 /php/project/cyfyy/index.php(14): CApplication->run()
#3 {main}
REQUEST_URI=/css/fonts/glyphicons-halflings-regular.woff2
HTTP_REFERER=http://localhost:10000/css/bootstrap/bootstrap.min.css
---
2016/01/22 13:36:32 [error] [exception.CHttpException.404] exception 'CHttpException' with message 'Unable to resolve the request "css/fonts/glyphicons-halflings-regular.woff2".' in /php/project/yii/web/CWebApplication.php:286
Stack trace:
#0 /php/project/yii/web/CWebApplication.php(141): CWebApplication->runController('css/fonts/glyph...')
#1 /php/project/yii/base/CApplication.php(180): CWebApplication->processRequest()
#2 /php/project/cyfyy/index.php(14): CApplication->run()
#3 {main}
REQUEST_URI=/css/fonts/glyphicons-halflings-regular.woff2
HTTP_REFERER=http://localhost:10000/css/bootstrap/bootstrap.min.css
---
2016/01/22 20:36:40 [error] [php] Invalid argument supplied for foreach() (/php/project/cyfyy/protected/views/admin/patient/edit.php:106)
Stack trace:
#0 /php/project/yii/web/CController.php(869): PatientController->renderFile()
#1 /php/project/yii/web/CController.php(782): PatientController->renderPartial()
#2 /php/project/cyfyy/protected/controllers/admin/PatientController.php(107): PatientController->render()
#3 /php/project/yii/web/actions/CInlineAction.php(49): PatientController->actionAdd()
#4 /php/project/yii/web/CController.php(308): CInlineAction->runWithParams()
#5 /php/project/yii/web/filters/CFilterChain.php(133): PatientController->runAction()
#6 /php/project/cyfyy/protected/components/Admin.php(74): CFilterChain->run()
#7 /php/project/yii/web/filters/CInlineFilter.php(58): PatientController->filterCheckAdmin()
#8 /php/project/yii/web/filters/CFilterChain.php(130): CInlineFilter->filter()
#9 /php/project/yii/web/CController.php(291): CFilterChain->run()
#10 /php/project/yii/web/CController.php(265): PatientController->runActionWithFilters()
#11 /php/project/yii/web/CWebApplication.php(282): PatientController->run()
#12 /php/project/yii/web/CWebApplication.php(141): CWebApplication->runController()
#13 /php/project/yii/base/CApplication.php(180): CWebApplication->processRequest()
#14 /php/project/cyfyy/index.php(14): CWebApplication->run()
REQUEST_URI=/admin/patient/add
in /php/project/cyfyy/protected/views/admin/patient/edit.php (106)
in /php/project/cyfyy/protected/controllers/admin/PatientController.php (107)
in /php/project/cyfyy/protected/components/Admin.php (74)
2016/01/22 21:12:47 [error] [php] Invalid argument supplied for foreach() (/php/project/cyfyy/protected/views/admin/patient/edit.php:39)
Stack trace:
#0 /php/project/yii/web/CController.php(869): PatientController->renderFile()
#1 /php/project/yii/web/CController.php(782): PatientController->renderPartial()
#2 /php/project/cyfyy/protected/controllers/admin/PatientController.php(107): PatientController->render()
#3 /php/project/yii/web/actions/CInlineAction.php(49): PatientController->actionAdd()
#4 /php/project/yii/web/CController.php(308): CInlineAction->runWithParams()
#5 /php/project/yii/web/filters/CFilterChain.php(133): PatientController->runAction()
#6 /php/project/cyfyy/protected/components/Admin.php(74): CFilterChain->run()
#7 /php/project/yii/web/filters/CInlineFilter.php(58): PatientController->filterCheckAdmin()
#8 /php/project/yii/web/filters/CFilterChain.php(130): CInlineFilter->filter()
#9 /php/project/yii/web/CController.php(291): CFilterChain->run()
#10 /php/project/yii/web/CController.php(265): PatientController->runActionWithFilters()
#11 /php/project/yii/web/CWebApplication.php(282): PatientController->run()
#12 /php/project/yii/web/CWebApplication.php(141): CWebApplication->runController()
#13 /php/project/yii/base/CApplication.php(180): CWebApplication->processRequest()
#14 /php/project/cyfyy/index.php(14): CWebApplication->run()
REQUEST_URI=/admin/patient/add
in /php/project/cyfyy/protected/views/admin/patient/edit.php (39)
in /php/project/cyfyy/protected/controllers/admin/PatientController.php (107)
in /php/project/cyfyy/protected/components/Admin.php (74)
2016/01/22 21:14:21 [error] [php] Invalid argument supplied for foreach() (/php/project/cyfyy/protected/views/admin/patient/edit.php:39)
Stack trace:
#0 /php/project/yii/web/CController.php(869): PatientController->renderFile()
#1 /php/project/yii/web/CController.php(782): PatientController->renderPartial()
#2 /php/project/cyfyy/protected/controllers/admin/PatientController.php(107): PatientController->render()
#3 /php/project/yii/web/actions/CInlineAction.php(49): PatientController->actionAdd()
#4 /php/project/yii/web/CController.php(308): CInlineAction->runWithParams()
#5 /php/project/yii/web/filters/CFilterChain.php(133): PatientController->runAction()
#6 /php/project/cyfyy/protected/components/Admin.php(74): CFilterChain->run()
#7 /php/project/yii/web/filters/CInlineFilter.php(58): PatientController->filterCheckAdmin()
#8 /php/project/yii/web/filters/CFilterChain.php(130): CInlineFilter->filter()
#9 /php/project/yii/web/CController.php(291): CFilterChain->run()
#10 /php/project/yii/web/CController.php(265): PatientController->runActionWithFilters()
#11 /php/project/yii/web/CWebApplication.php(282): PatientController->run()
#12 /php/project/yii/web/CWebApplication.php(141): CWebApplication->runController()
#13 /php/project/yii/base/CApplication.php(180): CWebApplication->processRequest()
#14 /php/project/cyfyy/index.php(14): CWebApplication->run()
REQUEST_URI=/admin/patient/add
in /php/project/cyfyy/protected/views/admin/patient/edit.php (39)
in /php/project/cyfyy/protected/controllers/admin/PatientController.php (107)
in /php/project/cyfyy/protected/components/Admin.php (74)
2016/01/22 21:14:23 [error] [php] Invalid argument supplied for foreach() (/php/project/cyfyy/protected/views/admin/patient/edit.php:39)
Stack trace:
#0 /php/project/yii/web/CController.php(869): PatientController->renderFile()
#1 /php/project/yii/web/CController.php(782): PatientController->renderPartial()
#2 /php/project/cyfyy/protected/controllers/admin/PatientController.php(107): PatientController->render()
#3 /php/project/yii/web/actions/CInlineAction.php(49): PatientController->actionAdd()
#4 /php/project/yii/web/CController.php(308): CInlineAction->runWithParams()
#5 /php/project/yii/web/filters/CFilterChain.php(133): PatientController->runAction()
#6 /php/project/cyfyy/protected/components/Admin.php(74): CFilterChain->run()
#7 /php/project/yii/web/filters/CInlineFilter.php(58): PatientController->filterCheckAdmin()
#8 /php/project/yii/web/filters/CFilterChain.php(130): CInlineFilter->filter()
#9 /php/project/yii/web/CController.php(291): CFilterChain->run()
#10 /php/project/yii/web/CController.php(265): PatientController->runActionWithFilters()
#11 /php/project/yii/web/CWebApplication.php(282): PatientController->run()
#12 /php/project/yii/web/CWebApplication.php(141): CWebApplication->runController()
#13 /php/project/yii/base/CApplication.php(180): CWebApplication->processRequest()
#14 /php/project/cyfyy/index.php(14): CWebApplication->run()
REQUEST_URI=/admin/patient/add
in /php/project/cyfyy/protected/views/admin/patient/edit.php (39)
in /php/project/cyfyy/protected/controllers/admin/PatientController.php (107)
in /php/project/cyfyy/protected/components/Admin.php (74)
2016/01/22 21:14:24 [error] [php] Invalid argument supplied for foreach() (/php/project/cyfyy/protected/views/admin/patient/edit.php:39)
Stack trace:
#0 /php/project/yii/web/CController.php(869): PatientController->renderFile()
#1 /php/project/yii/web/CController.php(782): PatientController->renderPartial()
#2 /php/project/cyfyy/protected/controllers/admin/PatientController.php(107): PatientController->render()
#3 /php/project/yii/web/actions/CInlineAction.php(49): PatientController->actionAdd()
#4 /php/project/yii/web/CController.php(308): CInlineAction->runWithParams()
#5 /php/project/yii/web/filters/CFilterChain.php(133): PatientController->runAction()
#6 /php/project/cyfyy/protected/components/Admin.php(74): CFilterChain->run()
#7 /php/project/yii/web/filters/CInlineFilter.php(58): PatientController->filterCheckAdmin()
#8 /php/project/yii/web/filters/CFilterChain.php(130): CInlineFilter->filter()
#9 /php/project/yii/web/CController.php(291): CFilterChain->run()
#10 /php/project/yii/web/CController.php(265): PatientController->runActionWithFilters()
#11 /php/project/yii/web/CWebApplication.php(282): PatientController->run()
#12 /php/project/yii/web/CWebApplication.php(141): CWebApplication->runController()
#13 /php/project/yii/base/CApplication.php(180): CWebApplication->processRequest()
#14 /php/project/cyfyy/index.php(14): CWebApplication->run()
REQUEST_URI=/admin/patient/add
in /php/project/cyfyy/protected/views/admin/patient/edit.php (39)
in /php/project/cyfyy/protected/controllers/admin/PatientController.php (107)
in /php/project/cyfyy/protected/components/Admin.php (74)
2016/01/22 21:14:24 [error] [php] Invalid argument supplied for foreach() (/php/project/cyfyy/protected/views/admin/patient/edit.php:39)
Stack trace:
#0 /php/project/yii/web/CController.php(869): PatientController->renderFile()
#1 /php/project/yii/web/CController.php(782): PatientController->renderPartial()
#2 /php/project/cyfyy/protected/controllers/admin/PatientController.php(107): PatientController->render()
#3 /php/project/yii/web/actions/CInlineAction.php(49): PatientController->actionAdd()
#4 /php/project/yii/web/CController.php(308): CInlineAction->runWithParams()
#5 /php/project/yii/web/filters/CFilterChain.php(133): PatientController->runAction()
#6 /php/project/cyfyy/protected/components/Admin.php(74): CFilterChain->run()
#7 /php/project/yii/web/filters/CInlineFilter.php(58): PatientController->filterCheckAdmin()
#8 /php/project/yii/web/filters/CFilterChain.php(130): CInlineFilter->filter()
#9 /php/project/yii/web/CController.php(291): CFilterChain->run()
#10 /php/project/yii/web/CController.php(265): PatientController->runActionWithFilters()
#11 /php/project/yii/web/CWebApplication.php(282): PatientController->run()
#12 /php/project/yii/web/CWebApplication.php(141): CWebApplication->runController()
#13 /php/project/yii/base/CApplication.php(180): CWebApplication->processRequest()
#14 /php/project/cyfyy/index.php(14): CWebApplication->run()
REQUEST_URI=/admin/patient/add
in /php/project/cyfyy/protected/views/admin/patient/edit.php (39)
in /php/project/cyfyy/protected/controllers/admin/PatientController.php (107)
in /php/project/cyfyy/protected/components/Admin.php (74)
2016/01/22 21:15:03 [error] [php] Invalid argument supplied for foreach() (/php/project/cyfyy/protected/views/admin/patient/edit.php:213)
Stack trace:
#0 /php/project/yii/web/CController.php(869): PatientController->renderFile()
#1 /php/project/yii/web/CController.php(782): PatientController->renderPartial()
#2 /php/project/cyfyy/protected/controllers/admin/PatientController.php(106): PatientController->render()
#3 /php/project/yii/web/actions/CInlineAction.php(49): PatientController->actionAdd()
#4 /php/project/yii/web/CController.php(308): CInlineAction->runWithParams()
#5 /php/project/yii/web/filters/CFilterChain.php(133): PatientController->runAction()
#6 /php/project/cyfyy/protected/components/Admin.php(74): CFilterChain->run()
#7 /php/project/yii/web/filters/CInlineFilter.php(58): PatientController->filterCheckAdmin()
#8 /php/project/yii/web/filters/CFilterChain.php(130): CInlineFilter->filter()
#9 /php/project/yii/web/CController.php(291): CFilterChain->run()
#10 /php/project/yii/web/CController.php(265): PatientController->runActionWithFilters()
#11 /php/project/yii/web/CWebApplication.php(282): PatientController->run()
#12 /php/project/yii/web/CWebApplication.php(141): CWebApplication->runController()
#13 /php/project/yii/base/CApplication.php(180): CWebApplication->processRequest()
#14 /php/project/cyfyy/index.php(14): CWebApplication->run()
REQUEST_URI=/admin/patient/add
in /php/project/cyfyy/protected/views/admin/patient/edit.php (213)
in /php/project/cyfyy/protected/controllers/admin/PatientController.php (106)
in /php/project/cyfyy/protected/components/Admin.php (74)
2016/01/24 21:16:17 [error] [php] Invalid argument supplied for foreach() (/php/project/cyfyy/protected/views/admin/patient/edit.php:225)
Stack trace:
#0 /php/project/yii/web/CController.php(869): PatientController->renderFile()
#1 /php/project/yii/web/CController.php(782): PatientController->renderPartial()
#2 /php/project/cyfyy/protected/controllers/admin/PatientController.php(106): PatientController->render()
#3 /php/project/yii/web/actions/CInlineAction.php(49): PatientController->actionAdd()
#4 /php/project/yii/web/CController.php(308): CInlineAction->runWithParams()
#5 /php/project/yii/web/filters/CFilterChain.php(133): PatientController->runAction()
#6 /php/project/cyfyy/protected/components/Admin.php(74): CFilterChain->run()
#7 /php/project/yii/web/filters/CInlineFilter.php(58): PatientController->filterCheckAdmin()
#8 /php/project/yii/web/filters/CFilterChain.php(130): CInlineFilter->filter()
#9 /php/project/yii/web/CController.php(291): CFilterChain->run()
#10 /php/project/yii/web/CController.php(265): PatientController->runActionWithFilters()
#11 /php/project/yii/web/CWebApplication.php(282): PatientController->run()
#12 /php/project/yii/web/CWebApplication.php(141): CWebApplication->runController()
#13 /php/project/yii/base/CApplication.php(180): CWebApplication->processRequest()
#14 /php/project/cyfyy/index.php(14): CWebApplication->run()
REQUEST_URI=/admin/patient/add
in /php/project/cyfyy/protected/views/admin/patient/edit.php (225)
in /php/project/cyfyy/protected/controllers/admin/PatientController.php (106)
in /php/project/cyfyy/protected/components/Admin.php (74)
2016/01/24 22:42:33 [error] [php] Invalid argument supplied for foreach() (/php/project/cyfyy/protected/views/admin/patient/edit.php:819)
Stack trace:
#0 /php/project/yii/web/CController.php(869): PatientController->renderFile()
#1 /php/project/yii/web/CController.php(782): PatientController->renderPartial()
#2 /php/project/cyfyy/protected/controllers/admin/PatientController.php(161): PatientController->render()
#3 /php/project/yii/web/actions/CInlineAction.php(49): PatientController->actionAdd()
#4 /php/project/yii/web/CController.php(308): CInlineAction->runWithParams()
#5 /php/project/yii/web/filters/CFilterChain.php(133): PatientController->runAction()
#6 /php/project/cyfyy/protected/components/Admin.php(74): CFilterChain->run()
#7 /php/project/yii/web/filters/CInlineFilter.php(58): PatientController->filterCheckAdmin()
#8 /php/project/yii/web/filters/CFilterChain.php(130): CInlineFilter->filter()
#9 /php/project/yii/web/CController.php(291): CFilterChain->run()
#10 /php/project/yii/web/CController.php(265): PatientController->runActionWithFilters()
#11 /php/project/yii/web/CWebApplication.php(282): PatientController->run()
#12 /php/project/yii/web/CWebApplication.php(141): CWebApplication->runController()
#13 /php/project/yii/base/CApplication.php(180): CWebApplication->processRequest()
#14 /php/project/cyfyy/index.php(14): CWebApplication->run()
REQUEST_URI=/admin/patient/add
in /php/project/cyfyy/protected/views/admin/patient/edit.php (819)
in /php/project/cyfyy/protected/controllers/admin/PatientController.php (161)
in /php/project/cyfyy/protected/components/Admin.php (74)
2016/01/24 22:42:34 [error] [php] Invalid argument supplied for foreach() (/php/project/cyfyy/protected/views/admin/patient/edit.php:819)
Stack trace:
#0 /php/project/yii/web/CController.php(869): PatientController->renderFile()
#1 /php/project/yii/web/CController.php(782): PatientController->renderPartial()
#2 /php/project/cyfyy/protected/controllers/admin/PatientController.php(161): PatientController->render()
#3 /php/project/yii/web/actions/CInlineAction.php(49): PatientController->actionAdd()
#4 /php/project/yii/web/CController.php(308): CInlineAction->runWithParams()
#5 /php/project/yii/web/filters/CFilterChain.php(133): PatientController->runAction()
#6 /php/project/cyfyy/protected/components/Admin.php(74): CFilterChain->run()
#7 /php/project/yii/web/filters/CInlineFilter.php(58): PatientController->filterCheckAdmin()
#8 /php/project/yii/web/filters/CFilterChain.php(130): CInlineFilter->filter()
#9 /php/project/yii/web/CController.php(291): CFilterChain->run()
#10 /php/project/yii/web/CController.php(265): PatientController->runActionWithFilters()
#11 /php/project/yii/web/CWebApplication.php(282): PatientController->run()
#12 /php/project/yii/web/CWebApplication.php(141): CWebApplication->runController()
#13 /php/project/yii/base/CApplication.php(180): CWebApplication->processRequest()
#14 /php/project/cyfyy/index.php(14): CWebApplication->run()
REQUEST_URI=/admin/patient/add
in /php/project/cyfyy/protected/views/admin/patient/edit.php (819)
in /php/project/cyfyy/protected/controllers/admin/PatientController.php (161)
in /php/project/cyfyy/protected/components/Admin.php (74)
2016/01/24 22:42:34 [error] [php] Invalid argument supplied for foreach() (/php/project/cyfyy/protected/views/admin/patient/edit.php:819)
Stack trace:
#0 /php/project/yii/web/CController.php(869): PatientController->renderFile()
#1 /php/project/yii/web/CController.php(782): PatientController->renderPartial()
#2 /php/project/cyfyy/protected/controllers/admin/PatientController.php(161): PatientController->render()
#3 /php/project/yii/web/actions/CInlineAction.php(49): PatientController->actionAdd()
#4 /php/project/yii/web/CController.php(308): CInlineAction->runWithParams()
#5 /php/project/yii/web/filters/CFilterChain.php(133): PatientController->runAction()
#6 /php/project/cyfyy/protected/components/Admin.php(74): CFilterChain->run()
#7 /php/project/yii/web/filters/CInlineFilter.php(58): PatientController->filterCheckAdmin()
#8 /php/project/yii/web/filters/CFilterChain.php(130): CInlineFilter->filter()
#9 /php/project/yii/web/CController.php(291): CFilterChain->run()
#10 /php/project/yii/web/CController.php(265): PatientController->runActionWithFilters()
#11 /php/project/yii/web/CWebApplication.php(282): PatientController->run()
#12 /php/project/yii/web/CWebApplication.php(141): CWebApplication->runController()
#13 /php/project/yii/base/CApplication.php(180): CWebApplication->processRequest()
#14 /php/project/cyfyy/index.php(14): CWebApplication->run()
REQUEST_URI=/admin/patient/add
in /php/project/cyfyy/protected/views/admin/patient/edit.php (819)
in /php/project/cyfyy/protected/controllers/admin/PatientController.php (161)
in /php/project/cyfyy/protected/components/Admin.php (74)
2016/01/24 22:42:34 [error] [php] Invalid argument supplied for foreach() (/php/project/cyfyy/protected/views/admin/patient/edit.php:819)
Stack trace:
#0 /php/project/yii/web/CController.php(869): PatientController->renderFile()
#1 /php/project/yii/web/CController.php(782): PatientController->renderPartial()
#2 /php/project/cyfyy/protected/controllers/admin/PatientController.php(161): PatientController->render()
#3 /php/project/yii/web/actions/CInlineAction.php(49): PatientController->actionAdd()
#4 /php/project/yii/web/CController.php(308): CInlineAction->runWithParams()
#5 /php/project/yii/web/filters/CFilterChain.php(133): PatientController->runAction()
#6 /php/project/cyfyy/protected/components/Admin.php(74): CFilterChain->run()
#7 /php/project/yii/web/filters/CInlineFilter.php(58): PatientController->filterCheckAdmin()
#8 /php/project/yii/web/filters/CFilterChain.php(130): CInlineFilter->filter()
#9 /php/project/yii/web/CController.php(291): CFilterChain->run()
#10 /php/project/yii/web/CController.php(265): PatientController->runActionWithFilters()
#11 /php/project/yii/web/CWebApplication.php(282): PatientController->run()
#12 /php/project/yii/web/CWebApplication.php(141): CWebApplication->runController()
#13 /php/project/yii/base/CApplication.php(180): CWebApplication->processRequest()
#14 /php/project/cyfyy/index.php(14): CWebApplication->run()
REQUEST_URI=/admin/patient/add
in /php/project/cyfyy/protected/views/admin/patient/edit.php (819)
in /php/project/cyfyy/protected/controllers/admin/PatientController.php (161)
in /php/project/cyfyy/protected/components/Admin.php (74)
2016/01/24 15:43:59 [error] [exception.CHttpException.404] exception 'CHttpException' with message 'Unable to resolve the request "css/fonts/glyphicons-halflings-regular.woff2".' in /php/project/yii/web/CWebApplication.php:286
Stack trace:
#0 /php/project/yii/web/CWebApplication.php(141): CWebApplication->runController('css/fonts/glyph...')
#1 /php/project/yii/base/CApplication.php(180): CWebApplication->processRequest()
#2 /php/project/cyfyy/index.php(14): CApplication->run()
#3 {main}
REQUEST_URI=/css/fonts/glyphicons-halflings-regular.woff2
HTTP_REFERER=http://localhost:10000/css/bootstrap/bootstrap.min.css
---
2016/01/24 22:47:13 [error] [php] array_keys() expects parameter 1 to be array, boolean given (/php/project/cyfyy/protected/controllers/admin/PatientController.php:34)
Stack trace:
#0 /php/project/yii/web/actions/CInlineAction.php(49): PatientController->actionIndex()
#1 /php/project/yii/web/CController.php(308): CInlineAction->runWithParams()
#2 /php/project/yii/web/filters/CFilterChain.php(133): PatientController->runAction()
#3 /php/project/cyfyy/protected/components/Admin.php(74): CFilterChain->run()
#4 /php/project/yii/web/filters/CInlineFilter.php(58): PatientController->filterCheckAdmin()
#5 /php/project/yii/web/filters/CFilterChain.php(130): CInlineFilter->filter()
#6 /php/project/yii/web/CController.php(291): CFilterChain->run()
#7 /php/project/yii/web/CController.php(265): PatientController->runActionWithFilters()
#8 /php/project/yii/web/CWebApplication.php(282): PatientController->run()
#9 /php/project/yii/web/CWebApplication.php(141): CWebApplication->runController()
#10 /php/project/yii/base/CApplication.php(180): CWebApplication->processRequest()
#11 /php/project/cyfyy/index.php(14): CWebApplication->run()
REQUEST_URI=/admin/patient
in /php/project/cyfyy/protected/controllers/admin/PatientController.php (34)
in /php/project/cyfyy/protected/controllers/admin/PatientController.php (19)
in /php/project/cyfyy/protected/components/Admin.php (74)
2016/01/24 15:47:16 [error] [exception.CHttpException.404] exception 'CHttpException' with message 'Unable to resolve the request "css/fonts/glyphicons-halflings-regular.woff2".' in /php/project/yii/web/CWebApplication.php:286
Stack trace:
#0 /php/project/yii/web/CWebApplication.php(141): CWebApplication->runController('css/fonts/glyph...')
#1 /php/project/yii/base/CApplication.php(180): CWebApplication->processRequest()
#2 /php/project/cyfyy/index.php(14): CApplication->run()
#3 {main}
REQUEST_URI=/css/fonts/glyphicons-halflings-regular.woff2
HTTP_REFERER=http://localhost:10000/css/bootstrap/bootstrap.min.css
---
2016/01/24 15:50:04 [error] [exception.CHttpException.404] exception 'CHttpException' with message 'Unable to resolve the request "css/fonts/glyphicons-halflings-regular.woff2".' in /php/project/yii/web/CWebApplication.php:286
Stack trace:
#0 /php/project/yii/web/CWebApplication.php(141): CWebApplication->runController('css/fonts/glyph...')
#1 /php/project/yii/base/CApplication.php(180): CWebApplication->processRequest()
#2 /php/project/cyfyy/index.php(14): CApplication->run()
#3 {main}
REQUEST_URI=/css/fonts/glyphicons-halflings-regular.woff2
HTTP_REFERER=http://localhost:10000/css/bootstrap/bootstrap.min.css
---
2016/01/24 15:50:33 [error] [exception.CHttpException.404] exception 'CHttpException' with message 'Unable to resolve the request "css/fonts/glyphicons-halflings-regular.woff2".' in /php/project/yii/web/CWebApplication.php:286
Stack trace:
#0 /php/project/yii/web/CWebApplication.php(141): CWebApplication->runController('css/fonts/glyph...')
#1 /php/project/yii/base/CApplication.php(180): CWebApplication->processRequest()
#2 /php/project/cyfyy/index.php(14): CApplication->run()
#3 {main}
REQUEST_URI=/css/fonts/glyphicons-halflings-regular.woff2
HTTP_REFERER=http://localhost:10000/css/bootstrap/bootstrap.min.css
---
2016/01/24 15:51:40 [error] [exception.CHttpException.404] exception 'CHttpException' with message 'Unable to resolve the request "css/fonts/glyphicons-halflings-regular.woff2".' in /php/project/yii/web/CWebApplication.php:286
Stack trace:
#0 /php/project/yii/web/CWebApplication.php(141): CWebApplication->runController('css/fonts/glyph...')
#1 /php/project/yii/base/CApplication.php(180): CWebApplication->processRequest()
#2 /php/project/cyfyy/index.php(14): CApplication->run()
#3 {main}
REQUEST_URI=/css/fonts/glyphicons-halflings-regular.woff2
HTTP_REFERER=http://localhost:10000/css/bootstrap/bootstrap.min.css
---
2016/01/24 15:54:11 [error] [exception.CHttpException.404] exception 'CHttpException' with message 'Unable to resolve the request "css/fonts/glyphicons-halflings-regular.woff2".' in /php/project/yii/web/CWebApplication.php:286
Stack trace:
#0 /php/project/yii/web/CWebApplication.php(141): CWebApplication->runController('css/fonts/glyph...')
#1 /php/project/yii/base/CApplication.php(180): CWebApplication->processRequest()
#2 /php/project/cyfyy/index.php(14): CApplication->run()
#3 {main}
REQUEST_URI=/css/fonts/glyphicons-halflings-regular.woff2
HTTP_REFERER=http://localhost:10000/css/bootstrap/bootstrap.min.css
---
2016/01/24 15:55:22 [error] [exception.CHttpException.404] exception 'CHttpException' with message 'Unable to resolve the request "css/fonts/glyphicons-halflings-regular.woff2".' in /php/project/yii/web/CWebApplication.php:286
Stack trace:
#0 /php/project/yii/web/CWebApplication.php(141): CWebApplication->runController('css/fonts/glyph...')
#1 /php/project/yii/base/CApplication.php(180): CWebApplication->processRequest()
#2 /php/project/cyfyy/index.php(14): CApplication->run()
#3 {main}
REQUEST_URI=/css/fonts/glyphicons-halflings-regular.woff2
HTTP_REFERER=http://localhost:10000/css/bootstrap/bootstrap.min.css
---
2016/01/24 15:55:58 [error] [exception.CHttpException.404] exception 'CHttpException' with message 'Unable to resolve the request "css/fonts/glyphicons-halflings-regular.woff2".' in /php/project/yii/web/CWebApplication.php:286
Stack trace:
#0 /php/project/yii/web/CWebApplication.php(141): CWebApplication->runController('css/fonts/glyph...')
#1 /php/project/yii/base/CApplication.php(180): CWebApplication->processRequest()
#2 /php/project/cyfyy/index.php(14): CApplication->run()
#3 {main}
REQUEST_URI=/css/fonts/glyphicons-halflings-regular.woff2
HTTP_REFERER=http://localhost:10000/css/bootstrap/bootstrap.min.css
---
2016/01/24 15:56:08 [error] [exception.CHttpException.404] exception 'CHttpException' with message 'Unable to resolve the request "css/fonts/glyphicons-halflings-regular.woff2".' in /php/project/yii/web/CWebApplication.php:286
Stack trace:
#0 /php/project/yii/web/CWebApplication.php(141): CWebApplication->runController('css/fonts/glyph...')
#1 /php/project/yii/base/CApplication.php(180): CWebApplication->processRequest()
#2 /php/project/cyfyy/index.php(14): CApplication->run()
#3 {main}
REQUEST_URI=/css/fonts/glyphicons-halflings-regular.woff2
HTTP_REFERER=http://localhost:10000/css/bootstrap/bootstrap.min.css
---
2016/01/24 15:57:11 [error] [exception.CHttpException.404] exception 'CHttpException' with message 'Unable to resolve the request "css/fonts/glyphicons-halflings-regular.woff2".' in /php/project/yii/web/CWebApplication.php:286
Stack trace:
#0 /php/project/yii/web/CWebApplication.php(141): CWebApplication->runController('css/fonts/glyph...')
#1 /php/project/yii/base/CApplication.php(180): CWebApplication->processRequest()
#2 /php/project/cyfyy/index.php(14): CApplication->run()
#3 {main}
REQUEST_URI=/css/fonts/glyphicons-halflings-regular.woff2
HTTP_REFERER=http://localhost:10000/css/bootstrap/bootstrap.min.css
---
2016/01/24 15:57:22 [error] [exception.CHttpException.404] exception 'CHttpException' with message 'Unable to resolve the request "css/fonts/glyphicons-halflings-regular.woff2".' in /php/project/yii/web/CWebApplication.php:286
Stack trace:
#0 /php/project/yii/web/CWebApplication.php(141): CWebApplication->runController('css/fonts/glyph...')
#1 /php/project/yii/base/CApplication.php(180): CWebApplication->processRequest()
#2 /php/project/cyfyy/index.php(14): CApplication->run()
#3 {main}
REQUEST_URI=/css/fonts/glyphicons-halflings-regular.woff2
HTTP_REFERER=http://localhost:10000/css/bootstrap/bootstrap.min.css
---
2016/01/24 15:58:43 [error] [exception.CHttpException.404] exception 'CHttpException' with message 'Unable to resolve the request "css/fonts/glyphicons-halflings-regular.woff2".' in /php/project/yii/web/CWebApplication.php:286
Stack trace:
#0 /php/project/yii/web/CWebApplication.php(141): CWebApplication->runController('css/fonts/glyph...')
#1 /php/project/yii/base/CApplication.php(180): CWebApplication->processRequest()
#2 /php/project/cyfyy/index.php(14): CApplication->run()
#3 {main}
REQUEST_URI=/css/fonts/glyphicons-halflings-regular.woff2
HTTP_REFERER=http://localhost:10000/css/bootstrap/bootstrap.min.css
---
2016/01/24 16:09:18 [error] [exception.CHttpException.404] exception 'CHttpException' with message 'Unable to resolve the request "css/fonts/glyphicons-halflings-regular.woff2".' in /php/project/yii/web/CWebApplication.php:286
Stack trace:
#0 /php/project/yii/web/CWebApplication.php(141): CWebApplication->runController('css/fonts/glyph...')
#1 /php/project/yii/base/CApplication.php(180): CWebApplication->processRequest()
#2 /php/project/cyfyy/index.php(14): CApplication->run()
#3 {main}
REQUEST_URI=/css/fonts/glyphicons-halflings-regular.woff2
HTTP_REFERER=http://localhost:10000/css/bootstrap/bootstrap.min.css
---
2016/01/24 16:12:31 [error] [exception.CHttpException.404] exception 'CHttpException' with message 'Unable to resolve the request "css/fonts/glyphicons-halflings-regular.woff2".' in /php/project/yii/web/CWebApplication.php:286
Stack trace:
#0 /php/project/yii/web/CWebApplication.php(141): CWebApplication->runController('css/fonts/glyph...')
#1 /php/project/yii/base/CApplication.php(180): CWebApplication->processRequest()
#2 /php/project/cyfyy/index.php(14): CApplication->run()
#3 {main}
REQUEST_URI=/css/fonts/glyphicons-halflings-regular.woff2
HTTP_REFERER=http://localhost:10000/css/bootstrap/bootstrap.min.css
---
2016/01/24 16:14:22 [error] [exception.CHttpException.404] exception 'CHttpException' with message 'Unable to resolve the request "css/fonts/glyphicons-halflings-regular.woff2".' in /php/project/yii/web/CWebApplication.php:286
Stack trace:
#0 /php/project/yii/web/CWebApplication.php(141): CWebApplication->runController('css/fonts/glyph...')
#1 /php/project/yii/base/CApplication.php(180): CWebApplication->processRequest()
#2 /php/project/cyfyy/index.php(14): CApplication->run()
#3 {main}
REQUEST_URI=/css/fonts/glyphicons-halflings-regular.woff2
HTTP_REFERER=http://localhost:10000/css/bootstrap/bootstrap.min.css
---
2016/01/24 16:15:33 [error] [exception.CHttpException.404] exception 'CHttpException' with message 'Unable to resolve the request "css/fonts/glyphicons-halflings-regular.woff2".' in /php/project/yii/web/CWebApplication.php:286
Stack trace:
#0 /php/project/yii/web/CWebApplication.php(141): CWebApplication->runController('css/fonts/glyph...')
#1 /php/project/yii/base/CApplication.php(180): CWebApplication->processRequest()
#2 /php/project/cyfyy/index.php(14): CApplication->run()
#3 {main}
REQUEST_URI=/css/fonts/glyphicons-halflings-regular.woff2
HTTP_REFERER=http://localhost:10000/css/bootstrap/bootstrap.min.css
---
2016/01/24 16:16:32 [error] [exception.CHttpException.404] exception 'CHttpException' with message 'Unable to resolve the request "css/fonts/glyphicons-halflings-regular.woff2".' in /php/project/yii/web/CWebApplication.php:286
Stack trace:
#0 /php/project/yii/web/CWebApplication.php(141): CWebApplication->runController('css/fonts/glyph...')
#1 /php/project/yii/base/CApplication.php(180): CWebApplication->processRequest()
#2 /php/project/cyfyy/index.php(14): CApplication->run()
#3 {main}
REQUEST_URI=/css/fonts/glyphicons-halflings-regular.woff2
HTTP_REFERER=http://localhost:10000/css/bootstrap/bootstrap.min.css
---
2016/01/24 16:20:40 [error] [exception.CHttpException.404] exception 'CHttpException' with message 'Unable to resolve the request "css/fonts/glyphicons-halflings-regular.woff2".' in /php/project/yii/web/CWebApplication.php:286
Stack trace:
#0 /php/project/yii/web/CWebApplication.php(141): CWebApplication->runController('css/fonts/glyph...')
#1 /php/project/yii/base/CApplication.php(180): CWebApplication->processRequest()
#2 /php/project/cyfyy/index.php(14): CApplication->run()
#3 {main}
REQUEST_URI=/css/fonts/glyphicons-halflings-regular.woff2
HTTP_REFERER=http://localhost:10000/css/bootstrap/bootstrap.min.css
---
2016/01/24 16:20:58 [error] [exception.CHttpException.404] exception 'CHttpException' with message 'Unable to resolve the request "css/fonts/glyphicons-halflings-regular.woff2".' in /php/project/yii/web/CWebApplication.php:286
Stack trace:
#0 /php/project/yii/web/CWebApplication.php(141): CWebApplication->runController('css/fonts/glyph...')
#1 /php/project/yii/base/CApplication.php(180): CWebApplication->processRequest()
#2 /php/project/cyfyy/index.php(14): CApplication->run()
#3 {main}
REQUEST_URI=/css/fonts/glyphicons-halflings-regular.woff2
HTTP_REFERER=http://localhost:10000/css/bootstrap/bootstrap.min.css
---
2016/01/24 16:21:46 [error] [exception.CHttpException.404] exception 'CHttpException' with message 'Unable to resolve the request "css/fonts/glyphicons-halflings-regular.woff2".' in /php/project/yii/web/CWebApplication.php:286
Stack trace:
#0 /php/project/yii/web/CWebApplication.php(141): CWebApplication->runController('css/fonts/glyph...')
#1 /php/project/yii/base/CApplication.php(180): CWebApplication->processRequest()
#2 /php/project/cyfyy/index.php(14): CApplication->run()
#3 {main}
REQUEST_URI=/css/fonts/glyphicons-halflings-regular.woff2
HTTP_REFERER=http://localhost:10000/css/bootstrap/bootstrap.min.css
---
2016/01/24 16:22:44 [error] [exception.CHttpException.404] exception 'CHttpException' with message 'Unable to resolve the request "css/fonts/glyphicons-halflings-regular.woff2".' in /php/project/yii/web/CWebApplication.php:286
Stack trace:
#0 /php/project/yii/web/CWebApplication.php(141): CWebApplication->runController('css/fonts/glyph...')
#1 /php/project/yii/base/CApplication.php(180): CWebApplication->processRequest()
#2 /php/project/cyfyy/index.php(14): CApplication->run()
#3 {main}
REQUEST_URI=/css/fonts/glyphicons-halflings-regular.woff2
HTTP_REFERER=http://localhost:10000/css/bootstrap/bootstrap.min.css
---
2016/01/24 16:24:29 [error] [exception.CHttpException.404] exception 'CHttpException' with message 'Unable to resolve the request "css/fonts/glyphicons-halflings-regular.woff2".' in /php/project/yii/web/CWebApplication.php:286
Stack trace:
#0 /php/project/yii/web/CWebApplication.php(141): CWebApplication->runController('css/fonts/glyph...')
#1 /php/project/yii/base/CApplication.php(180): CWebApplication->processRequest()
#2 /php/project/cyfyy/index.php(14): CApplication->run()
#3 {main}
REQUEST_URI=/css/fonts/glyphicons-halflings-regular.woff2
HTTP_REFERER=http://localhost:10000/css/bootstrap/bootstrap.min.css
---
2016/01/24 16:24:37 [error] [exception.CHttpException.404] exception 'CHttpException' with message 'Unable to resolve the request "css/fonts/glyphicons-halflings-regular.woff2".' in /php/project/yii/web/CWebApplication.php:286
Stack trace:
#0 /php/project/yii/web/CWebApplication.php(141): CWebApplication->runController('css/fonts/glyph...')
#1 /php/project/yii/base/CApplication.php(180): CWebApplication->processRequest()
#2 /php/project/cyfyy/index.php(14): CApplication->run()
#3 {main}
REQUEST_URI=/css/fonts/glyphicons-halflings-regular.woff2
HTTP_REFERER=http://localhost:10000/css/bootstrap/bootstrap.min.css
---
2016/01/24 16:24:56 [error] [exception.CHttpException.404] exception 'CHttpException' with message 'Unable to resolve the request "css/fonts/glyphicons-halflings-regular.woff2".' in /php/project/yii/web/CWebApplication.php:286
Stack trace:
#0 /php/project/yii/web/CWebApplication.php(141): CWebApplication->runController('css/fonts/glyph...')
#1 /php/project/yii/base/CApplication.php(180): CWebApplication->processRequest()
#2 /php/project/cyfyy/index.php(14): CApplication->run()
#3 {main}
REQUEST_URI=/css/fonts/glyphicons-halflings-regular.woff2
HTTP_REFERER=http://localhost:10000/css/bootstrap/bootstrap.min.css
---
2016/01/24 16:25:56 [error] [exception.CHttpException.404] exception 'CHttpException' with message 'Unable to resolve the request "css/fonts/glyphicons-halflings-regular.woff2".' in /php/project/yii/web/CWebApplication.php:286
Stack trace:
#0 /php/project/yii/web/CWebApplication.php(141): CWebApplication->runController('css/fonts/glyph...')
#1 /php/project/yii/base/CApplication.php(180): CWebApplication->processRequest()
#2 /php/project/cyfyy/index.php(14): CApplication->run()
#3 {main}
REQUEST_URI=/css/fonts/glyphicons-halflings-regular.woff2
HTTP_REFERER=http://localhost:10000/css/bootstrap/bootstrap.min.css
---
2016/01/24 16:26:29 [error] [exception.CHttpException.404] exception 'CHttpException' with message 'Unable to resolve the request "css/fonts/glyphicons-halflings-regular.woff2".' in /php/project/yii/web/CWebApplication.php:286
Stack trace:
#0 /php/project/yii/web/CWebApplication.php(141): CWebApplication->runController('css/fonts/glyph...')
#1 /php/project/yii/base/CApplication.php(180): CWebApplication->processRequest()
#2 /php/project/cyfyy/index.php(14): CApplication->run()
#3 {main}
REQUEST_URI=/css/fonts/glyphicons-halflings-regular.woff2
HTTP_REFERER=http://localhost:10000/css/bootstrap/bootstrap.min.css
---
2016/01/24 16:27:56 [error] [exception.CHttpException.404] exception 'CHttpException' with message 'Unable to resolve the request "css/fonts/glyphicons-halflings-regular.woff2".' in /php/project/yii/web/CWebApplication.php:286
Stack trace:
#0 /php/project/yii/web/CWebApplication.php(141): CWebApplication->runController('css/fonts/glyph...')
#1 /php/project/yii/base/CApplication.php(180): CWebApplication->processRequest()
#2 /php/project/cyfyy/index.php(14): CApplication->run()
#3 {main}
REQUEST_URI=/css/fonts/glyphicons-halflings-regular.woff2
HTTP_REFERER=http://localhost:10000/css/bootstrap/bootstrap.min.css
---
2016/01/24 16:28:12 [error] [exception.CHttpException.404] exception 'CHttpException' with message 'Unable to resolve the request "css/fonts/glyphicons-halflings-regular.woff2".' in /php/project/yii/web/CWebApplication.php:286
Stack trace:
#0 /php/project/yii/web/CWebApplication.php(141): CWebApplication->runController('css/fonts/glyph...')
#1 /php/project/yii/base/CApplication.php(180): CWebApplication->processRequest()
#2 /php/project/cyfyy/index.php(14): CApplication->run()
#3 {main}
REQUEST_URI=/css/fonts/glyphicons-halflings-regular.woff2
HTTP_REFERER=http://localhost:10000/css/bootstrap/bootstrap.min.css
---
2016/01/24 16:29:56 [error] [exception.CHttpException.404] exception 'CHttpException' with message 'Unable to resolve the request "css/fonts/glyphicons-halflings-regular.woff2".' in /php/project/yii/web/CWebApplication.php:286
Stack trace:
#0 /php/project/yii/web/CWebApplication.php(141): CWebApplication->runController('css/fonts/glyph...')
#1 /php/project/yii/base/CApplication.php(180): CWebApplication->processRequest()
#2 /php/project/cyfyy/index.php(14): CApplication->run()
#3 {main}
REQUEST_URI=/css/fonts/glyphicons-halflings-regular.woff2
HTTP_REFERER=http://localhost:10000/css/bootstrap/bootstrap.min.css
---
