2016/01/22 18:19:00 [info] [application.controller.*] 


############Req url from Controller############:
 /
in /php/project/cyfyy/protected/components/Controller.php (23)
in /php/project/cyfyy/protected/controllers/admin/LoginController.php (15)
in /php/project/cyfyy/index.php (14)
2016/01/22 18:19:00 [info] [application.controller.*] 


############Req url from Controller############:
 /admin/login/captcha?r=5328
in /php/project/cyfyy/protected/components/Controller.php (23)
in /php/project/cyfyy/protected/controllers/admin/LoginController.php (15)
in /php/project/cyfyy/index.php (14)
2016/01/22 18:19:12 [info] [application.controller.*] 


############Req url from Controller############:
 /admin/login/login
in /php/project/cyfyy/protected/components/Controller.php (23)
in /php/project/cyfyy/protected/controllers/admin/LoginController.php (15)
in /php/project/cyfyy/index.php (14)
2016/01/22 18:19:12 [info] [application.controller.*] 
Req url:
 /admin/login/login：
Req output:
 Array
(
    [errcode] => -1
    [errmsg] => 验证码错误
)

in /php/project/cyfyy/protected/components/Controller.php (77)
in /php/project/cyfyy/protected/controllers/admin/LoginController.php (36)
in /php/project/cyfyy/index.php (14)
2016/01/22 18:19:13 [info] [application.controller.*] 


############Req url from Controller############:
 /admin/login/captcha?r=1453457952
in /php/project/cyfyy/protected/components/Controller.php (23)
in /php/project/cyfyy/protected/controllers/admin/LoginController.php (15)
in /php/project/cyfyy/index.php (14)
2016/01/22 18:20:09 [info] [application.controller.*] 


############Req url from Controller############:
 /admin/login/login
in /php/project/cyfyy/protected/components/Controller.php (23)
in /php/project/cyfyy/protected/controllers/admin/LoginController.php (15)
in /php/project/cyfyy/index.php (14)
2016/01/22 18:20:09 [info] [application.controller.*] 
Req url:
 /admin/login/login：
Req output:
 Array
(
    [errcode] => 0
    [errmsg] => 登陆成功
)

in /php/project/cyfyy/protected/components/Controller.php (77)
in /php/project/cyfyy/protected/controllers/admin/LoginController.php (52)
in /php/project/cyfyy/index.php (14)
2016/01/22 18:20:09 [info] [application.controller.*] 


############Req url from Controller############:
 /admin/dashboard/
in /php/project/cyfyy/protected/components/Controller.php (23)
in /php/project/cyfyy/index.php (14)
2016/01/22 18:20:12 [info] [application.controller.*] 


############Req url from Controller############:
 /admin/dashboard/
in /php/project/cyfyy/protected/components/Controller.php (23)
in /php/project/cyfyy/index.php (14)
2016/01/22 18:21:39 [info] [application.controller.*] 


############Req url from Controller############:
 /admin/dashboard/
in /php/project/cyfyy/protected/components/Controller.php (23)
in /php/project/cyfyy/index.php (14)
2016/01/22 18:21:41 [info] [application.controller.*] 


############Req url from Controller############:
 /
in /php/project/cyfyy/protected/components/Controller.php (23)
in /php/project/cyfyy/protected/controllers/admin/LoginController.php (15)
in /php/project/cyfyy/index.php (14)
2016/01/22 18:21:42 [info] [application.controller.*] 


############Req url from Controller############:
 /admin/login/captcha?r=9313
in /php/project/cyfyy/protected/components/Controller.php (23)
in /php/project/cyfyy/protected/controllers/admin/LoginController.php (15)
in /php/project/cyfyy/index.php (14)
2016/01/22 18:21:54 [info] [application.controller.*] 


############Req url from Controller############:
 /admin/login/login
in /php/project/cyfyy/protected/components/Controller.php (23)
in /php/project/cyfyy/protected/controllers/admin/LoginController.php (15)
in /php/project/cyfyy/index.php (14)
2016/01/22 18:21:54 [info] [application.controller.*] 
Req url:
 /admin/login/login：
Req output:
 Array
(
    [errcode] => 0
    [errmsg] => 登陆成功
)

in /php/project/cyfyy/protected/components/Controller.php (77)
in /php/project/cyfyy/protected/controllers/admin/LoginController.php (52)
in /php/project/cyfyy/index.php (14)
2016/01/22 18:21:54 [info] [application.controller.*] 


############Req url from Controller############:
 /admin/dashboard/
in /php/project/cyfyy/protected/components/Controller.php (23)
in /php/project/cyfyy/index.php (14)
2016/01/22 18:33:00 [info] [application.controller.*] 


############Req url from Controller############:
 /admin/dashboard/
in /php/project/cyfyy/protected/components/Controller.php (23)
in /php/project/cyfyy/index.php (14)
2016/01/22 18:36:13 [info] [application.controller.*] 


############Req url from Controller############:
 /admin/dashboard/
in /php/project/cyfyy/protected/components/Controller.php (23)
in /php/project/cyfyy/index.php (14)
2016/01/22 18:36:40 [info] [application.controller.*] 


############Req url from Controller############:
 /admin/dashboard/
in /php/project/cyfyy/protected/components/Controller.php (23)
in /php/project/cyfyy/index.php (14)
2016/01/22 18:39:05 [info] [application.controller.*] 


############Req url from Controller############:
 /admin/dashboard/
in /php/project/cyfyy/protected/components/Controller.php (23)
in /php/project/cyfyy/index.php (14)
2016/01/22 18:40:13 [info] [application.controller.*] 


############Req url from Controller############:
 /admin/dashboard/
in /php/project/cyfyy/protected/components/Controller.php (23)
in /php/project/cyfyy/index.php (14)
2016/01/22 18:42:01 [info] [application.controller.*] 


############Req url from Controller############:
 /admin/dashboard/
in /php/project/cyfyy/protected/components/Controller.php (23)
in /php/project/cyfyy/index.php (14)
2016/01/22 18:43:15 [info] [application.controller.*] 


############Req url from Controller############:
 /admin/dashboard/
in /php/project/cyfyy/protected/components/Controller.php (23)
in /php/project/cyfyy/index.php (14)
2016/01/22 18:43:16 [info] [application.controller.*] 


############Req url from Controller############:
 /admin/dashboard/
in /php/project/cyfyy/protected/components/Controller.php (23)
in /php/project/cyfyy/index.php (14)
2016/01/22 18:43:19 [info] [application.controller.*] 


############Req url from Controller############:
 /admin/patient
in /php/project/cyfyy/protected/components/Controller.php (23)
in /php/project/cyfyy/protected/controllers/admin/PatientController.php (13)
in /php/project/cyfyy/index.php (14)
2016/01/22 18:43:54 [info] [application.controller.*] 


############Req url from Controller############:
 /
in /php/project/cyfyy/protected/components/Controller.php (23)
in /php/project/cyfyy/protected/controllers/admin/LoginController.php (15)
in /php/project/cyfyy/index.php (14)
2016/01/22 18:43:54 [info] [application.controller.*] 


############Req url from Controller############:
 /admin/login/captcha?r=2592
in /php/project/cyfyy/protected/components/Controller.php (23)
in /php/project/cyfyy/protected/controllers/admin/LoginController.php (15)
in /php/project/cyfyy/index.php (14)
2016/01/22 18:44:04 [info] [application.controller.*] 


############Req url from Controller############:
 /admin/login/login
in /php/project/cyfyy/protected/components/Controller.php (23)
in /php/project/cyfyy/protected/controllers/admin/LoginController.php (15)
in /php/project/cyfyy/index.php (14)
2016/01/22 18:44:04 [info] [application.controller.*] 
Req url:
 /admin/login/login：
Req output:
 Array
(
    [errcode] => 0
    [errmsg] => 登陆成功
)

in /php/project/cyfyy/protected/components/Controller.php (77)
in /php/project/cyfyy/protected/controllers/admin/LoginController.php (52)
in /php/project/cyfyy/index.php (14)
2016/01/22 18:44:04 [info] [application.controller.*] 


############Req url from Controller############:
 /admin/dashboard/
in /php/project/cyfyy/protected/components/Controller.php (23)
in /php/project/cyfyy/index.php (14)
2016/01/22 18:44:06 [info] [application.controller.*] 


############Req url from Controller############:
 /admin/patient/add
in /php/project/cyfyy/protected/components/Controller.php (23)
in /php/project/cyfyy/protected/controllers/admin/PatientController.php (13)
in /php/project/cyfyy/index.php (14)
2016/01/22 18:44:41 [info] [application.controller.*] 


############Req url from Controller############:
 /admin/user
in /php/project/cyfyy/protected/components/Controller.php (23)
in /php/project/cyfyy/protected/controllers/admin/UserController.php (13)
in /php/project/cyfyy/index.php (14)
2016/01/22 18:44:44 [info] [application.controller.*] 


############Req url from Controller############:
 /admin/hospital
in /php/project/cyfyy/protected/components/Controller.php (23)
in /php/project/cyfyy/protected/controllers/admin/HospitalController.php (13)
in /php/project/cyfyy/index.php (14)
2016/01/22 18:46:21 [info] [application.controller.*] 


############Req url from Controller############:
 /admin/hospital
in /php/project/cyfyy/protected/components/Controller.php (23)
in /php/project/cyfyy/protected/controllers/admin/HospitalController.php (13)
in /php/project/cyfyy/index.php (14)
2016/01/22 18:46:40 [info] [application.controller.*] 


############Req url from Controller############:
 /admin/hospital
in /php/project/cyfyy/protected/components/Controller.php (23)
in /php/project/cyfyy/protected/controllers/admin/HospitalController.php (13)
in /php/project/cyfyy/index.php (14)
2016/01/22 18:46:54 [info] [application.controller.*] 


############Req url from Controller############:
 /admin/hospital/add
in /php/project/cyfyy/protected/components/Controller.php (23)
in /php/project/cyfyy/protected/controllers/admin/HospitalController.php (13)
in /php/project/cyfyy/index.php (14)
2016/01/22 18:46:57 [info] [application.controller.*] 


############Req url from Controller############:
 /admin/hospital/getCode
in /php/project/cyfyy/protected/components/Controller.php (23)
in /php/project/cyfyy/protected/controllers/admin/HospitalController.php (13)
in /php/project/cyfyy/index.php (14)
2016/01/22 18:47:02 [info] [application.controller.*] 


############Req url from Controller############:
 /admin/hospital/getCode
in /php/project/cyfyy/protected/components/Controller.php (23)
in /php/project/cyfyy/protected/controllers/admin/HospitalController.php (13)
in /php/project/cyfyy/index.php (14)
2016/01/22 18:47:03 [info] [application.controller.*] 


############Req url from Controller############:
 /admin/hospital/getCode
in /php/project/cyfyy/protected/components/Controller.php (23)
in /php/project/cyfyy/protected/controllers/admin/HospitalController.php (13)
in /php/project/cyfyy/index.php (14)
2016/01/22 18:47:03 [info] [application.controller.*] 


############Req url from Controller############:
 /admin/hospital/getCode
in /php/project/cyfyy/protected/components/Controller.php (23)
in /php/project/cyfyy/protected/controllers/admin/HospitalController.php (13)
in /php/project/cyfyy/index.php (14)
2016/01/22 18:47:03 [info] [application.controller.*] 


############Req url from Controller############:
 /admin/hospital/getCode
in /php/project/cyfyy/protected/components/Controller.php (23)
in /php/project/cyfyy/protected/controllers/admin/HospitalController.php (13)
in /php/project/cyfyy/index.php (14)
2016/01/22 18:47:15 [info] [application.controller.*] 


############Req url from Controller############:
 /admin/hospital
in /php/project/cyfyy/protected/components/Controller.php (23)
in /php/project/cyfyy/protected/controllers/admin/HospitalController.php (13)
in /php/project/cyfyy/index.php (14)
2016/01/22 18:47:17 [info] [application.controller.*] 


############Req url from Controller############:
 /admin/user
in /php/project/cyfyy/protected/components/Controller.php (23)
in /php/project/cyfyy/protected/controllers/admin/UserController.php (13)
in /php/project/cyfyy/index.php (14)
2016/01/22 18:47:18 [info] [application.controller.*] 


############Req url from Controller############:
 /admin/user/add
in /php/project/cyfyy/protected/components/Controller.php (23)
in /php/project/cyfyy/protected/controllers/admin/UserController.php (13)
in /php/project/cyfyy/index.php (14)
2016/01/22 18:47:45 [info] [application.controller.*] 


############Req url from Controller############:
 /admin/user/add
in /php/project/cyfyy/protected/components/Controller.php (23)
in /php/project/cyfyy/protected/controllers/admin/UserController.php (13)
in /php/project/cyfyy/index.php (14)
2016/01/22 18:47:55 [info] [application.controller.*] 


############Req url from Controller############:
 /admin/user/edit?op=edit&id=4
in /php/project/cyfyy/protected/components/Controller.php (23)
in /php/project/cyfyy/protected/controllers/admin/UserController.php (13)
in /php/project/cyfyy/index.php (14)
2016/01/22 20:34:41 [info] [application.controller.*] 


############Req url from Controller############:
 /admin/user
in /php/project/cyfyy/protected/components/Controller.php (23)
in /php/project/cyfyy/protected/controllers/admin/UserController.php (13)
in /php/project/cyfyy/index.php (14)
2016/01/22 20:34:43 [info] [application.controller.*] 


############Req url from Controller############:
 /admin/hospital
in /php/project/cyfyy/protected/components/Controller.php (23)
in /php/project/cyfyy/protected/controllers/admin/HospitalController.php (13)
in /php/project/cyfyy/index.php (14)
2016/01/22 20:34:44 [info] [application.controller.*] 


############Req url from Controller############:
 /admin/user
in /php/project/cyfyy/protected/components/Controller.php (23)
in /php/project/cyfyy/protected/controllers/admin/UserController.php (13)
in /php/project/cyfyy/index.php (14)
2016/01/22 20:34:46 [info] [application.controller.*] 


############Req url from Controller############:
 /admin/user/add
in /php/project/cyfyy/protected/components/Controller.php (23)
in /php/project/cyfyy/protected/controllers/admin/UserController.php (13)
in /php/project/cyfyy/index.php (14)
2016/01/22 20:36:25 [info] [application.controller.*] 


############Req url from Controller############:
 /admin/user/add
in /php/project/cyfyy/protected/components/Controller.php (23)
in /php/project/cyfyy/protected/controllers/admin/UserController.php (13)
in /php/project/cyfyy/index.php (14)
2016/01/22 20:36:32 [info] [application.controller.*] 


############Req url from Controller############:
 /admin/hospital
in /php/project/cyfyy/protected/components/Controller.php (23)
in /php/project/cyfyy/protected/controllers/admin/HospitalController.php (13)
in /php/project/cyfyy/index.php (14)
2016/01/22 20:36:34 [info] [application.controller.*] 


############Req url from Controller############:
 /admin/hospital/add
in /php/project/cyfyy/protected/components/Controller.php (23)
in /php/project/cyfyy/protected/controllers/admin/HospitalController.php (13)
in /php/project/cyfyy/index.php (14)
2016/01/22 20:36:40 [info] [application.controller.*] 


############Req url from Controller############:
 /admin/patient/add
in /php/project/cyfyy/protected/components/Controller.php (23)
in /php/project/cyfyy/protected/controllers/admin/PatientController.php (13)
in /php/project/cyfyy/index.php (14)
2016/01/22 21:12:47 [info] [application.controller.*] 


############Req url from Controller############:
 /admin/patient/add
in /php/project/cyfyy/protected/components/Controller.php (23)
in /php/project/cyfyy/protected/controllers/admin/PatientController.php (13)
in /php/project/cyfyy/index.php (14)
2016/01/22 21:14:21 [info] [application.controller.*] 


############Req url from Controller############:
 /admin/patient/add
in /php/project/cyfyy/protected/components/Controller.php (23)
in /php/project/cyfyy/protected/controllers/admin/PatientController.php (13)
in /php/project/cyfyy/index.php (14)
2016/01/22 21:14:23 [info] [application.controller.*] 


############Req url from Controller############:
 /admin/patient/add
in /php/project/cyfyy/protected/components/Controller.php (23)
in /php/project/cyfyy/protected/controllers/admin/PatientController.php (13)
in /php/project/cyfyy/index.php (14)
2016/01/22 21:14:24 [info] [application.controller.*] 


############Req url from Controller############:
 /admin/patient/add
in /php/project/cyfyy/protected/components/Controller.php (23)
in /php/project/cyfyy/protected/controllers/admin/PatientController.php (13)
in /php/project/cyfyy/index.php (14)
2016/01/22 21:14:24 [info] [application.controller.*] 


############Req url from Controller############:
 /admin/patient/add
in /php/project/cyfyy/protected/components/Controller.php (23)
in /php/project/cyfyy/protected/controllers/admin/PatientController.php (13)
in /php/project/cyfyy/index.php (14)
2016/01/22 21:15:03 [info] [application.controller.*] 


############Req url from Controller############:
 /admin/patient/add
in /php/project/cyfyy/protected/components/Controller.php (23)
in /php/project/cyfyy/protected/controllers/admin/PatientController.php (13)
in /php/project/cyfyy/index.php (14)
2016/01/24 21:16:17 [info] [application.controller.*] 


############Req url from Controller############:
 /admin/patient/add
in /php/project/cyfyy/protected/components/Controller.php (23)
in /php/project/cyfyy/protected/controllers/admin/PatientController.php (13)
in /php/project/cyfyy/index.php (14)
2016/01/24 22:42:33 [info] [application.controller.*] 


############Req url from Controller############:
 /admin/patient/add
in /php/project/cyfyy/protected/components/Controller.php (23)
in /php/project/cyfyy/protected/controllers/admin/PatientController.php (13)
in /php/project/cyfyy/index.php (14)
2016/01/24 22:42:34 [info] [application.controller.*] 


############Req url from Controller############:
 /admin/patient/add
in /php/project/cyfyy/protected/components/Controller.php (23)
in /php/project/cyfyy/protected/controllers/admin/PatientController.php (13)
in /php/project/cyfyy/index.php (14)
2016/01/24 22:42:34 [info] [application.controller.*] 


############Req url from Controller############:
 /admin/patient/add
in /php/project/cyfyy/protected/components/Controller.php (23)
in /php/project/cyfyy/protected/controllers/admin/PatientController.php (13)
in /php/project/cyfyy/index.php (14)
2016/01/24 22:42:34 [info] [application.controller.*] 


############Req url from Controller############:
 /admin/patient/add
in /php/project/cyfyy/protected/components/Controller.php (23)
in /php/project/cyfyy/protected/controllers/admin/PatientController.php (13)
in /php/project/cyfyy/index.php (14)
2016/01/24 22:43:59 [info] [application.controller.*] 


############Req url from Controller############:
 /admin/patient/add
in /php/project/cyfyy/protected/components/Controller.php (23)
in /php/project/cyfyy/protected/controllers/admin/PatientController.php (13)
in /php/project/cyfyy/index.php (14)
2016/01/24 22:47:13 [info] [application.controller.*] 


############Req url from Controller############:
 /admin/patient
in /php/project/cyfyy/protected/components/Controller.php (23)
in /php/project/cyfyy/protected/controllers/admin/PatientController.php (13)
in /php/project/cyfyy/index.php (14)
2016/01/24 22:47:16 [info] [application.controller.*] 


############Req url from Controller############:
 /admin/patient/add
in /php/project/cyfyy/protected/components/Controller.php (23)
in /php/project/cyfyy/protected/controllers/admin/PatientController.php (13)
in /php/project/cyfyy/index.php (14)
2016/01/24 22:50:04 [info] [application.controller.*] 


############Req url from Controller############:
 /admin/patient/add
in /php/project/cyfyy/protected/components/Controller.php (23)
in /php/project/cyfyy/protected/controllers/admin/PatientController.php (13)
in /php/project/cyfyy/index.php (14)
2016/01/24 22:50:32 [info] [application.controller.*] 


############Req url from Controller############:
 /admin/patient/add
in /php/project/cyfyy/protected/components/Controller.php (23)
in /php/project/cyfyy/protected/controllers/admin/PatientController.php (13)
in /php/project/cyfyy/index.php (14)
2016/01/24 22:51:40 [info] [application.controller.*] 


############Req url from Controller############:
 /admin/patient/add
in /php/project/cyfyy/protected/components/Controller.php (23)
in /php/project/cyfyy/protected/controllers/admin/PatientController.php (13)
in /php/project/cyfyy/index.php (14)
2016/01/24 22:54:07 [info] [application.controller.*] 


############Req url from Controller############:
 /admin/patient/add
in /php/project/cyfyy/protected/components/Controller.php (23)
in /php/project/cyfyy/protected/controllers/admin/PatientController.php (13)
in /php/project/cyfyy/index.php (14)
2016/01/24 22:54:10 [info] [application.controller.*] 


############Req url from Controller############:
 /admin/patient/add
in /php/project/cyfyy/protected/components/Controller.php (23)
in /php/project/cyfyy/protected/controllers/admin/PatientController.php (13)
in /php/project/cyfyy/index.php (14)
2016/01/24 22:55:21 [info] [application.controller.*] 


############Req url from Controller############:
 /admin/patient/add
in /php/project/cyfyy/protected/components/Controller.php (23)
in /php/project/cyfyy/protected/controllers/admin/PatientController.php (13)
in /php/project/cyfyy/index.php (14)
2016/01/24 22:55:57 [info] [application.controller.*] 


############Req url from Controller############:
 /admin/patient/add
in /php/project/cyfyy/protected/components/Controller.php (23)
in /php/project/cyfyy/protected/controllers/admin/PatientController.php (13)
in /php/project/cyfyy/index.php (14)
2016/01/24 22:56:07 [info] [application.controller.*] 


############Req url from Controller############:
 /admin/patient/add
in /php/project/cyfyy/protected/components/Controller.php (23)
in /php/project/cyfyy/protected/controllers/admin/PatientController.php (13)
in /php/project/cyfyy/index.php (14)
2016/01/24 22:57:10 [info] [application.controller.*] 


############Req url from Controller############:
 /admin/patient/add
in /php/project/cyfyy/protected/components/Controller.php (23)
in /php/project/cyfyy/protected/controllers/admin/PatientController.php (13)
in /php/project/cyfyy/index.php (14)
2016/01/24 22:57:22 [info] [application.controller.*] 


############Req url from Controller############:
 /admin/patient/add
in /php/project/cyfyy/protected/components/Controller.php (23)
in /php/project/cyfyy/protected/controllers/admin/PatientController.php (13)
in /php/project/cyfyy/index.php (14)
2016/01/24 22:58:42 [info] [application.controller.*] 


############Req url from Controller############:
 /admin/patient/add
in /php/project/cyfyy/protected/components/Controller.php (23)
in /php/project/cyfyy/protected/controllers/admin/PatientController.php (13)
in /php/project/cyfyy/index.php (14)
2016/01/24 23:09:18 [info] [application.controller.*] 


############Req url from Controller############:
 /admin/patient/add
in /php/project/cyfyy/protected/components/Controller.php (23)
in /php/project/cyfyy/protected/controllers/admin/PatientController.php (13)
in /php/project/cyfyy/index.php (14)
2016/01/24 23:12:30 [info] [application.controller.*] 


############Req url from Controller############:
 /admin/patient/add
in /php/project/cyfyy/protected/components/Controller.php (23)
in /php/project/cyfyy/protected/controllers/admin/PatientController.php (13)
in /php/project/cyfyy/index.php (14)
2016/01/24 23:14:22 [info] [application.controller.*] 


############Req url from Controller############:
 /admin/patient/add
in /php/project/cyfyy/protected/components/Controller.php (23)
in /php/project/cyfyy/protected/controllers/admin/PatientController.php (13)
in /php/project/cyfyy/index.php (14)
2016/01/24 23:15:33 [info] [application.controller.*] 


############Req url from Controller############:
 /admin/patient/add
in /php/project/cyfyy/protected/components/Controller.php (23)
in /php/project/cyfyy/protected/controllers/admin/PatientController.php (13)
in /php/project/cyfyy/index.php (14)
2016/01/24 23:16:31 [info] [application.controller.*] 


############Req url from Controller############:
 /admin/patient/add
in /php/project/cyfyy/protected/components/Controller.php (23)
in /php/project/cyfyy/protected/controllers/admin/PatientController.php (13)
in /php/project/cyfyy/index.php (14)
2016/01/24 23:20:40 [info] [application.controller.*] 


############Req url from Controller############:
 /admin/patient/add
in /php/project/cyfyy/protected/components/Controller.php (23)
in /php/project/cyfyy/protected/controllers/admin/PatientController.php (13)
in /php/project/cyfyy/index.php (14)
2016/01/24 23:20:58 [info] [application.controller.*] 


############Req url from Controller############:
 /admin/patient/add
in /php/project/cyfyy/protected/components/Controller.php (23)
in /php/project/cyfyy/protected/controllers/admin/PatientController.php (13)
in /php/project/cyfyy/index.php (14)
2016/01/24 23:21:46 [info] [application.controller.*] 


############Req url from Controller############:
 /admin/patient/add
in /php/project/cyfyy/protected/components/Controller.php (23)
in /php/project/cyfyy/protected/controllers/admin/PatientController.php (13)
in /php/project/cyfyy/index.php (14)
2016/01/24 23:22:44 [info] [application.controller.*] 


############Req url from Controller############:
 /admin/patient/add
in /php/project/cyfyy/protected/components/Controller.php (23)
in /php/project/cyfyy/protected/controllers/admin/PatientController.php (13)
in /php/project/cyfyy/index.php (14)
2016/01/24 23:24:28 [info] [application.controller.*] 


############Req url from Controller############:
 /admin/patient/add
in /php/project/cyfyy/protected/components/Controller.php (23)
in /php/project/cyfyy/protected/controllers/admin/PatientController.php (13)
in /php/project/cyfyy/index.php (14)
2016/01/24 23:24:37 [info] [application.controller.*] 


############Req url from Controller############:
 /admin/patient/add
in /php/project/cyfyy/protected/components/Controller.php (23)
in /php/project/cyfyy/protected/controllers/admin/PatientController.php (13)
in /php/project/cyfyy/index.php (14)
2016/01/24 23:24:55 [info] [application.controller.*] 


############Req url from Controller############:
 /admin/patient/add
in /php/project/cyfyy/protected/components/Controller.php (23)
in /php/project/cyfyy/protected/controllers/admin/PatientController.php (13)
in /php/project/cyfyy/index.php (14)
2016/01/24 23:25:55 [info] [application.controller.*] 


############Req url from Controller############:
 /admin/patient/add
in /php/project/cyfyy/protected/components/Controller.php (23)
in /php/project/cyfyy/protected/controllers/admin/PatientController.php (13)
in /php/project/cyfyy/index.php (14)
2016/01/24 23:26:29 [info] [application.controller.*] 


############Req url from Controller############:
 /admin/patient/add
in /php/project/cyfyy/protected/components/Controller.php (23)
in /php/project/cyfyy/protected/controllers/admin/PatientController.php (13)
in /php/project/cyfyy/index.php (14)
2016/01/24 23:27:55 [info] [application.controller.*] 


############Req url from Controller############:
 /admin/patient/add
in /php/project/cyfyy/protected/components/Controller.php (23)
in /php/project/cyfyy/protected/controllers/admin/PatientController.php (13)
in /php/project/cyfyy/index.php (14)
2016/01/24 23:28:12 [info] [application.controller.*] 


############Req url from Controller############:
 /admin/patient/add
in /php/project/cyfyy/protected/components/Controller.php (23)
in /php/project/cyfyy/protected/controllers/admin/PatientController.php (13)
in /php/project/cyfyy/index.php (14)
2016/01/24 23:29:55 [info] [application.controller.*] 


############Req url from Controller############:
 /admin/patient/add
in /php/project/cyfyy/protected/components/Controller.php (23)
in /php/project/cyfyy/protected/controllers/admin/PatientController.php (13)
in /php/project/cyfyy/index.php (14)
